2020-04-09 21:28:24 下午 [Thread: main][ Class:us.codecraft.webmagic.Spider >> Method: us.codecraft.webmagic.Spider.run(Spider.java:306) ]
INFO:Spider www.baidu.com started!
2020-04-09 21:28:25 下午 [Thread: pool-1-thread-1][ Class:us.codecraft.webmagic.downloader.HttpClientDownloader >> Method: us.codecraft.webmagic.downloader.HttpClientDownloader.download(HttpClientDownloader.java:88) ]
INFO:downloading page success https://www.baidu.com/
2020-04-09 21:28:28 下午 [Thread: main][ Class:us.codecraft.webmagic.Spider >> Method: us.codecraft.webmagic.Spider.run(Spider.java:338) ]
INFO:Spider www.baidu.com closed! 1 pages downloaded.
2020-04-09 21:31:42 下午 [Thread: main][ Class:us.codecraft.webmagic.Spider >> Method: us.codecraft.webmagic.Spider.run(Spider.java:306) ]
INFO:Spider www.baidu.com started!
2020-04-09 21:31:43 下午 [Thread: pool-1-thread-1][ Class:us.codecraft.webmagic.downloader.HttpClientDownloader >> Method: us.codecraft.webmagic.downloader.HttpClientDownloader.download(HttpClientDownloader.java:88) ]
INFO:downloading page success https://www.baidu.com/
2020-04-09 21:31:46 下午 [Thread: main][ Class:us.codecraft.webmagic.Spider >> Method: us.codecraft.webmagic.Spider.run(Spider.java:338) ]
INFO:Spider www.baidu.com closed! 1 pages downloaded.
2020-04-09 21:34:41 下午 [Thread: main][ Class:us.codecraft.webmagic.Spider >> Method: us.codecraft.webmagic.Spider.run(Spider.java:306) ]
INFO:Spider www.baidu.com started!
2020-04-09 21:34:43 下午 [Thread: pool-1-thread-1][ Class:us.codecraft.webmagic.downloader.HttpClientDownloader >> Method: us.codecraft.webmagic.downloader.HttpClientDownloader.download(HttpClientDownloader.java:88) ]
INFO:downloading page success https://www.baidu.com/
2020-04-09 21:34:46 下午 [Thread: main][ Class:us.codecraft.webmagic.Spider >> Method: us.codecraft.webmagic.Spider.run(Spider.java:338) ]
INFO:Spider www.baidu.com closed! 1 pages downloaded.
2020-04-09 21:37:12 下午 [Thread: main][ Class:us.codecraft.webmagic.Spider >> Method: us.codecraft.webmagic.Spider.run(Spider.java:306) ]
INFO:Spider www.baidu.com started!
2020-04-09 21:37:13 下午 [Thread: pool-1-thread-1][ Class:us.codecraft.webmagic.downloader.HttpClientDownloader >> Method: us.codecraft.webmagic.downloader.HttpClientDownloader.download(HttpClientDownloader.java:88) ]
INFO:downloading page success https://www.baidu.com/
2020-04-09 21:37:16 下午 [Thread: main][ Class:us.codecraft.webmagic.Spider >> Method: us.codecraft.webmagic.Spider.run(Spider.java:338) ]
INFO:Spider www.baidu.com closed! 1 pages downloaded.
2020-04-09 21:38:05 下午 [Thread: main][ Class:us.codecraft.webmagic.Spider >> Method: us.codecraft.webmagic.Spider.run(Spider.java:306) ]
INFO:Spider www.baidu.com started!
2020-04-09 21:38:06 下午 [Thread: pool-1-thread-1][ Class:us.codecraft.webmagic.downloader.HttpClientDownloader >> Method: us.codecraft.webmagic.downloader.HttpClientDownloader.download(HttpClientDownloader.java:88) ]
INFO:downloading page success https://www.baidu.com/
2020-04-09 21:38:09 下午 [Thread: main][ Class:us.codecraft.webmagic.Spider >> Method: us.codecraft.webmagic.Spider.run(Spider.java:338) ]
INFO:Spider www.baidu.com closed! 1 pages downloaded.
