2020-04-10 09:48:29 上午 [Thread: main][ Class:us.codecraft.webmagic.Spider >> Method: us.codecraft.webmagic.Spider.run(Spider.java:306) ]
INFO:Spider blog.sina.com.cn started!
2020-04-10 09:48:30 上午 [Thread: pool-1-thread-1][ Class:us.codecraft.webmagic.downloader.HttpClientDownloader >> Method: us.codecraft.webmagic.downloader.HttpClientDownloader.download(HttpClientDownloader.java:88) ]
INFO:downloading page success http://blog.sina.com.cn/s/articlelist_1487828712_0_1.html
2020-04-10 09:48:33 上午 [Thread: pool-1-thread-1][ Class:us.codecraft.webmagic.downloader.HttpClientDownloader >> Method: us.codecraft.webmagic.downloader.HttpClientDownloader.download(HttpClientDownloader.java:88) ]
INFO:downloading page success http://blog.sina.com.cn/s/blog_58ae76e80100to5q.html
2020-04-10 09:48:36 上午 [Thread: pool-1-thread-1][ Class:us.codecraft.webmagic.downloader.HttpClientDownloader >> Method: us.codecraft.webmagic.downloader.HttpClientDownloader.download(HttpClientDownloader.java:88) ]
INFO:downloading page success http://blog.sina.com.cn/s/blog_58ae76e80100s2mo.html
2020-04-10 09:48:43 上午 [Thread: main][ Class:us.codecraft.webmagic.Spider >> Method: us.codecraft.webmagic.Spider.run(Spider.java:306) ]
INFO:Spider www.baidu.com started!
2020-04-10 09:48:44 上午 [Thread: pool-1-thread-1][ Class:us.codecraft.webmagic.downloader.HttpClientDownloader >> Method: us.codecraft.webmagic.downloader.HttpClientDownloader.download(HttpClientDownloader.java:88) ]
INFO:downloading page success https://www.baidu.com/
2020-04-10 09:48:47 上午 [Thread: main][ Class:us.codecraft.webmagic.Spider >> Method: us.codecraft.webmagic.Spider.run(Spider.java:338) ]
INFO:Spider www.baidu.com closed! 1 pages downloaded.
2020-04-10 10:35:23 上午 [Thread: main][ Class:us.codecraft.webmagic.Spider >> Method: us.codecraft.webmagic.Spider.run(Spider.java:306) ]
INFO:Spider www.baidu.com started!
2020-04-10 10:35:24 上午 [Thread: pool-1-thread-1][ Class:us.codecraft.webmagic.downloader.HttpClientDownloader >> Method: us.codecraft.webmagic.downloader.HttpClientDownloader.download(HttpClientDownloader.java:88) ]
INFO:downloading page success https://www.baidu.com/
2020-04-10 10:35:27 上午 [Thread: main][ Class:us.codecraft.webmagic.Spider >> Method: us.codecraft.webmagic.Spider.run(Spider.java:338) ]
INFO:Spider www.baidu.com closed! 1 pages downloaded.
2020-04-10 10:36:42 上午 [Thread: main][ Class:us.codecraft.webmagic.Spider >> Method: us.codecraft.webmagic.Spider.run(Spider.java:306) ]
INFO:Spider www.baidu.com started!
2020-04-10 10:36:42 上午 [Thread: pool-1-thread-1][ Class:us.codecraft.webmagic.downloader.HttpClientDownloader >> Method: us.codecraft.webmagic.downloader.HttpClientDownloader.download(HttpClientDownloader.java:88) ]
INFO:downloading page success https://www.baidu.com/
2020-04-10 10:36:45 上午 [Thread: main][ Class:us.codecraft.webmagic.Spider >> Method: us.codecraft.webmagic.Spider.run(Spider.java:338) ]
INFO:Spider www.baidu.com closed! 1 pages downloaded.
2020-04-10 11:38:41 上午 [Thread: main][ Class:us.codecraft.webmagic.Spider >> Method: us.codecraft.webmagic.Spider.run(Spider.java:306) ]
INFO:Spider www.baidu.com started!
2020-04-10 11:38:41 上午 [Thread: pool-1-thread-1][ Class:us.codecraft.webmagic.downloader.HttpClientDownloader >> Method: us.codecraft.webmagic.downloader.HttpClientDownloader.download(HttpClientDownloader.java:88) ]
INFO:downloading page success https://www.baidu.com/
2020-04-10 11:38:44 上午 [Thread: main][ Class:us.codecraft.webmagic.Spider >> Method: us.codecraft.webmagic.Spider.run(Spider.java:338) ]
INFO:Spider www.baidu.com closed! 1 pages downloaded.
2020-04-16 14:47:26 下午 [Thread: main][ Class:us.codecraft.webmagic.Spider >> Method: us.codecraft.webmagic.Spider.run(Spider.java:306) ]
INFO:Spider www.baidu.com started!
2020-04-16 14:47:26 下午 [Thread: pool-1-thread-1][ Class:us.codecraft.webmagic.downloader.HttpClientDownloader >> Method: us.codecraft.webmagic.downloader.HttpClientDownloader.download(HttpClientDownloader.java:88) ]
INFO:downloading page success https://www.baidu.com/
2020-04-16 14:47:29 下午 [Thread: main][ Class:us.codecraft.webmagic.Spider >> Method: us.codecraft.webmagic.Spider.run(Spider.java:338) ]
INFO:Spider www.baidu.com closed! 1 pages downloaded.
2020-04-16 14:58:51 下午 [Thread: main][ Class:us.codecraft.webmagic.Spider >> Method: us.codecraft.webmagic.Spider.run(Spider.java:306) ]
INFO:Spider www.baidu.com started!
2020-04-16 14:58:52 下午 [Thread: pool-1-thread-1][ Class:us.codecraft.webmagic.downloader.HttpClientDownloader >> Method: us.codecraft.webmagic.downloader.HttpClientDownloader.download(HttpClientDownloader.java:88) ]
INFO:downloading page success https://www.baidu.com/
2020-04-16 14:58:55 下午 [Thread: main][ Class:us.codecraft.webmagic.Spider >> Method: us.codecraft.webmagic.Spider.run(Spider.java:338) ]
INFO:Spider www.baidu.com closed! 1 pages downloaded.
2020-04-16 14:59:16 下午 [Thread: main][ Class:us.codecraft.webmagic.Spider >> Method: us.codecraft.webmagic.Spider.run(Spider.java:306) ]
INFO:Spider www.baidu.com started!
2020-04-16 14:59:17 下午 [Thread: pool-1-thread-1][ Class:us.codecraft.webmagic.downloader.HttpClientDownloader >> Method: us.codecraft.webmagic.downloader.HttpClientDownloader.download(HttpClientDownloader.java:88) ]
INFO:downloading page success https://www.baidu.com/
2020-04-16 14:59:20 下午 [Thread: main][ Class:us.codecraft.webmagic.Spider >> Method: us.codecraft.webmagic.Spider.run(Spider.java:338) ]
INFO:Spider www.baidu.com closed! 1 pages downloaded.
2020-04-16 15:11:36 下午 [Thread: main][ Class:us.codecraft.webmagic.Spider >> Method: us.codecraft.webmagic.Spider.run(Spider.java:306) ]
INFO:Spider www.baidu.com started!
2020-04-16 15:11:36 下午 [Thread: pool-1-thread-1][ Class:us.codecraft.webmagic.downloader.HttpClientDownloader >> Method: us.codecraft.webmagic.downloader.HttpClientDownloader.download(HttpClientDownloader.java:88) ]
INFO:downloading page success https://www.baidu.com/
2020-04-16 15:12:05 下午 [Thread: main][ Class:us.codecraft.webmagic.Spider >> Method: us.codecraft.webmagic.Spider.run(Spider.java:306) ]
INFO:Spider www.baidu.com started!
2020-04-16 15:12:06 下午 [Thread: pool-1-thread-1][ Class:us.codecraft.webmagic.downloader.HttpClientDownloader >> Method: us.codecraft.webmagic.downloader.HttpClientDownloader.download(HttpClientDownloader.java:88) ]
INFO:downloading page success https://www.baidu.com/
2020-04-16 15:12:06 下午 [Thread: pool-1-thread-1][ Class:us.codecraft.webmagic.Spider >> Method: us.codecraft.webmagic.Spider$1.run(Spider.java:324) ]
ERROR:process request Request{url='https://www.baidu.com/', method='null', extras=null, priority=0, headers={}, cookies={}} error
java.util.EmptyStackException
	at java.util.Stack.peek(Stack.java:102)
	at us.codecraft.xsoup.xevaluator.XPathParser.consumePredicates(XPathParser.java:242)
	at us.codecraft.xsoup.xevaluator.XPathParser.findElements(XPathParser.java:163)
	at us.codecraft.xsoup.xevaluator.XPathParser.parse(XPathParser.java:76)
	at us.codecraft.xsoup.xevaluator.XPathParser.parse(XPathParser.java:408)
	at us.codecraft.xsoup.xevaluator.XPathParser.combinator(XPathParser.java:110)
	at us.codecraft.xsoup.xevaluator.XPathParser.parse(XPathParser.java:74)
	at us.codecraft.xsoup.xevaluator.XPathParser.parse(XPathParser.java:408)
	at us.codecraft.xsoup.Xsoup.compile(Xsoup.java:25)
	at us.codecraft.webmagic.selector.XpathSelector.<init>(XpathSelector.java:21)
	at us.codecraft.webmagic.selector.Selectors.xpath(Selectors.java:32)
	at us.codecraft.webmagic.selector.HtmlNode.xpath(HtmlNode.java:42)
	at BaiduProcessor.process(BaiduProcessor.java:40)
	at us.codecraft.webmagic.Spider.onDownloadSuccess(Spider.java:414)
	at us.codecraft.webmagic.Spider.processRequest(Spider.java:406)
	at us.codecraft.webmagic.Spider.access$000(Spider.java:61)
	at us.codecraft.webmagic.Spider$1.run(Spider.java:320)
	at us.codecraft.webmagic.thread.CountableThreadPool$1.run(CountableThreadPool.java:74)
	at java.util.concurrent.ThreadPoolExecutor.runWorker(ThreadPoolExecutor.java:1149)
	at java.util.concurrent.ThreadPoolExecutor$Worker.run(ThreadPoolExecutor.java:624)
	at java.lang.Thread.run(Thread.java:748)
2020-04-16 15:12:06 下午 [Thread: main][ Class:us.codecraft.webmagic.Spider >> Method: us.codecraft.webmagic.Spider.run(Spider.java:338) ]
INFO:Spider www.baidu.com closed! 1 pages downloaded.
2020-04-16 15:12:12 下午 [Thread: main][ Class:us.codecraft.webmagic.Spider >> Method: us.codecraft.webmagic.Spider.run(Spider.java:306) ]
INFO:Spider www.baidu.com started!
2020-04-16 15:12:13 下午 [Thread: pool-1-thread-1][ Class:us.codecraft.webmagic.downloader.HttpClientDownloader >> Method: us.codecraft.webmagic.downloader.HttpClientDownloader.download(HttpClientDownloader.java:88) ]
INFO:downloading page success https://www.baidu.com/
2020-04-16 15:12:16 下午 [Thread: main][ Class:us.codecraft.webmagic.Spider >> Method: us.codecraft.webmagic.Spider.run(Spider.java:338) ]
INFO:Spider www.baidu.com closed! 1 pages downloaded.
2020-04-16 15:12:20 下午 [Thread: main][ Class:us.codecraft.webmagic.Spider >> Method: us.codecraft.webmagic.Spider.run(Spider.java:306) ]
INFO:Spider www.baidu.com started!
2020-04-16 15:12:20 下午 [Thread: pool-1-thread-1][ Class:us.codecraft.webmagic.downloader.HttpClientDownloader >> Method: us.codecraft.webmagic.downloader.HttpClientDownloader.download(HttpClientDownloader.java:88) ]
INFO:downloading page success https://www.baidu.com/
2020-04-16 15:12:24 下午 [Thread: main][ Class:us.codecraft.webmagic.Spider >> Method: us.codecraft.webmagic.Spider.run(Spider.java:338) ]
INFO:Spider www.baidu.com closed! 1 pages downloaded.
2020-04-16 15:15:34 下午 [Thread: main][ Class:us.codecraft.webmagic.Spider >> Method: us.codecraft.webmagic.Spider.run(Spider.java:306) ]
INFO:Spider www.baidu.com started!
2020-04-16 15:15:35 下午 [Thread: pool-1-thread-1][ Class:us.codecraft.webmagic.downloader.HttpClientDownloader >> Method: us.codecraft.webmagic.downloader.HttpClientDownloader.download(HttpClientDownloader.java:88) ]
INFO:downloading page success https://www.baidu.com/
2020-04-16 15:15:38 下午 [Thread: main][ Class:us.codecraft.webmagic.Spider >> Method: us.codecraft.webmagic.Spider.run(Spider.java:338) ]
INFO:Spider www.baidu.com closed! 1 pages downloaded.
2020-04-16 15:15:44 下午 [Thread: main][ Class:us.codecraft.webmagic.Spider >> Method: us.codecraft.webmagic.Spider.run(Spider.java:306) ]
INFO:Spider www.baidu.com started!
2020-04-16 15:15:44 下午 [Thread: pool-1-thread-1][ Class:us.codecraft.webmagic.downloader.HttpClientDownloader >> Method: us.codecraft.webmagic.downloader.HttpClientDownloader.download(HttpClientDownloader.java:88) ]
INFO:downloading page success https://www.baidu.com/
2020-04-16 15:15:47 下午 [Thread: main][ Class:us.codecraft.webmagic.Spider >> Method: us.codecraft.webmagic.Spider.run(Spider.java:338) ]
INFO:Spider www.baidu.com closed! 1 pages downloaded.
2020-04-16 15:16:20 下午 [Thread: main][ Class:us.codecraft.webmagic.Spider >> Method: us.codecraft.webmagic.Spider.run(Spider.java:306) ]
INFO:Spider www.baidu.com started!
2020-04-16 15:16:21 下午 [Thread: pool-1-thread-1][ Class:us.codecraft.webmagic.downloader.HttpClientDownloader >> Method: us.codecraft.webmagic.downloader.HttpClientDownloader.download(HttpClientDownloader.java:88) ]
INFO:downloading page success https://www.baidu.com/
2020-04-16 15:16:24 下午 [Thread: main][ Class:us.codecraft.webmagic.Spider >> Method: us.codecraft.webmagic.Spider.run(Spider.java:338) ]
INFO:Spider www.baidu.com closed! 1 pages downloaded.
2020-04-16 15:16:35 下午 [Thread: main][ Class:us.codecraft.webmagic.Spider >> Method: us.codecraft.webmagic.Spider.run(Spider.java:306) ]
INFO:Spider www.baidu.com started!
2020-04-16 15:16:36 下午 [Thread: pool-1-thread-1][ Class:us.codecraft.webmagic.downloader.HttpClientDownloader >> Method: us.codecraft.webmagic.downloader.HttpClientDownloader.download(HttpClientDownloader.java:88) ]
INFO:downloading page success https://www.baidu.com/
2020-04-16 15:16:39 下午 [Thread: main][ Class:us.codecraft.webmagic.Spider >> Method: us.codecraft.webmagic.Spider.run(Spider.java:338) ]
INFO:Spider www.baidu.com closed! 1 pages downloaded.
2020-04-16 15:17:01 下午 [Thread: main][ Class:us.codecraft.webmagic.Spider >> Method: us.codecraft.webmagic.Spider.run(Spider.java:306) ]
INFO:Spider www.baidu.com started!
2020-04-16 15:17:01 下午 [Thread: pool-1-thread-1][ Class:us.codecraft.webmagic.downloader.HttpClientDownloader >> Method: us.codecraft.webmagic.downloader.HttpClientDownloader.download(HttpClientDownloader.java:88) ]
INFO:downloading page success https://www.baidu.com/
2020-04-16 15:17:01 下午 [Thread: pool-1-thread-1][ Class:us.codecraft.webmagic.Spider >> Method: us.codecraft.webmagic.Spider$1.run(Spider.java:324) ]
ERROR:process request Request{url='https://www.baidu.com/', method='null', extras=null, priority=0, headers={}, cookies={}} error
org.jsoup.select.Selector$SelectorParseException: Could not parse query './p': unexpected token at './p'
	at us.codecraft.xsoup.xevaluator.XPathParser.findElements(XPathParser.java:166)
	at us.codecraft.xsoup.xevaluator.XPathParser.parse(XPathParser.java:76)
	at us.codecraft.xsoup.xevaluator.XPathParser.parse(XPathParser.java:408)
	at us.codecraft.xsoup.Xsoup.compile(Xsoup.java:25)
	at us.codecraft.webmagic.selector.XpathSelector.<init>(XpathSelector.java:21)
	at us.codecraft.webmagic.selector.Selectors.xpath(Selectors.java:32)
	at us.codecraft.webmagic.selector.HtmlNode.xpath(HtmlNode.java:42)
	at BaiduProcessor.process(BaiduProcessor.java:40)
	at us.codecraft.webmagic.Spider.onDownloadSuccess(Spider.java:414)
	at us.codecraft.webmagic.Spider.processRequest(Spider.java:406)
	at us.codecraft.webmagic.Spider.access$000(Spider.java:61)
	at us.codecraft.webmagic.Spider$1.run(Spider.java:320)
	at us.codecraft.webmagic.thread.CountableThreadPool$1.run(CountableThreadPool.java:74)
	at java.util.concurrent.ThreadPoolExecutor.runWorker(ThreadPoolExecutor.java:1149)
	at java.util.concurrent.ThreadPoolExecutor$Worker.run(ThreadPoolExecutor.java:624)
	at java.lang.Thread.run(Thread.java:748)
2020-04-16 15:17:01 下午 [Thread: main][ Class:us.codecraft.webmagic.Spider >> Method: us.codecraft.webmagic.Spider.run(Spider.java:338) ]
INFO:Spider www.baidu.com closed! 1 pages downloaded.
2020-04-16 15:17:10 下午 [Thread: main][ Class:us.codecraft.webmagic.Spider >> Method: us.codecraft.webmagic.Spider.run(Spider.java:306) ]
INFO:Spider www.baidu.com started!
2020-04-16 15:17:11 下午 [Thread: pool-1-thread-1][ Class:us.codecraft.webmagic.downloader.HttpClientDownloader >> Method: us.codecraft.webmagic.downloader.HttpClientDownloader.download(HttpClientDownloader.java:88) ]
INFO:downloading page success https://www.baidu.com/
2020-04-16 15:17:11 下午 [Thread: pool-1-thread-1][ Class:us.codecraft.webmagic.Spider >> Method: us.codecraft.webmagic.Spider$1.run(Spider.java:324) ]
ERROR:process request Request{url='https://www.baidu.com/', method='null', extras=null, priority=0, headers={}, cookies={}} error
org.jsoup.select.Selector$SelectorParseException: Could not parse query '../p': unexpected token at '../p'
	at us.codecraft.xsoup.xevaluator.XPathParser.findElements(XPathParser.java:166)
	at us.codecraft.xsoup.xevaluator.XPathParser.parse(XPathParser.java:76)
	at us.codecraft.xsoup.xevaluator.XPathParser.parse(XPathParser.java:408)
	at us.codecraft.xsoup.Xsoup.compile(Xsoup.java:25)
	at us.codecraft.webmagic.selector.XpathSelector.<init>(XpathSelector.java:21)
	at us.codecraft.webmagic.selector.Selectors.xpath(Selectors.java:32)
	at us.codecraft.webmagic.selector.HtmlNode.xpath(HtmlNode.java:42)
	at BaiduProcessor.process(BaiduProcessor.java:40)
	at us.codecraft.webmagic.Spider.onDownloadSuccess(Spider.java:414)
	at us.codecraft.webmagic.Spider.processRequest(Spider.java:406)
	at us.codecraft.webmagic.Spider.access$000(Spider.java:61)
	at us.codecraft.webmagic.Spider$1.run(Spider.java:320)
	at us.codecraft.webmagic.thread.CountableThreadPool$1.run(CountableThreadPool.java:74)
	at java.util.concurrent.ThreadPoolExecutor.runWorker(ThreadPoolExecutor.java:1149)
	at java.util.concurrent.ThreadPoolExecutor$Worker.run(ThreadPoolExecutor.java:624)
	at java.lang.Thread.run(Thread.java:748)
2020-04-16 15:17:11 下午 [Thread: main][ Class:us.codecraft.webmagic.Spider >> Method: us.codecraft.webmagic.Spider.run(Spider.java:338) ]
INFO:Spider www.baidu.com closed! 1 pages downloaded.
2020-04-16 15:17:29 下午 [Thread: main][ Class:us.codecraft.webmagic.Spider >> Method: us.codecraft.webmagic.Spider.run(Spider.java:306) ]
INFO:Spider www.baidu.com started!
2020-04-16 15:17:30 下午 [Thread: pool-1-thread-1][ Class:us.codecraft.webmagic.downloader.HttpClientDownloader >> Method: us.codecraft.webmagic.downloader.HttpClientDownloader.download(HttpClientDownloader.java:88) ]
INFO:downloading page success https://www.baidu.com/
2020-04-16 15:17:33 下午 [Thread: main][ Class:us.codecraft.webmagic.Spider >> Method: us.codecraft.webmagic.Spider.run(Spider.java:338) ]
INFO:Spider www.baidu.com closed! 1 pages downloaded.
2020-04-16 15:18:17 下午 [Thread: main][ Class:us.codecraft.webmagic.Spider >> Method: us.codecraft.webmagic.Spider.run(Spider.java:306) ]
INFO:Spider www.baidu.com started!
2020-04-16 15:18:17 下午 [Thread: pool-1-thread-1][ Class:us.codecraft.webmagic.downloader.HttpClientDownloader >> Method: us.codecraft.webmagic.downloader.HttpClientDownloader.download(HttpClientDownloader.java:88) ]
INFO:downloading page success https://www.baidu.com/
2020-04-16 15:18:18 下午 [Thread: pool-1-thread-1][ Class:us.codecraft.webmagic.Spider >> Method: us.codecraft.webmagic.Spider$1.run(Spider.java:324) ]
ERROR:process request Request{url='https://www.baidu.com/', method='null', extras=null, priority=0, headers={}, cookies={}} error
org.jsoup.select.Selector$SelectorParseException: Could not parse query './*': unexpected token at './*'
	at us.codecraft.xsoup.xevaluator.XPathParser.findElements(XPathParser.java:166)
	at us.codecraft.xsoup.xevaluator.XPathParser.parse(XPathParser.java:76)
	at us.codecraft.xsoup.xevaluator.XPathParser.parse(XPathParser.java:408)
	at us.codecraft.xsoup.Xsoup.compile(Xsoup.java:25)
	at us.codecraft.webmagic.selector.XpathSelector.<init>(XpathSelector.java:21)
	at us.codecraft.webmagic.selector.Selectors.xpath(Selectors.java:32)
	at us.codecraft.webmagic.selector.HtmlNode.xpath(HtmlNode.java:42)
	at BaiduProcessor.process(BaiduProcessor.java:40)
	at us.codecraft.webmagic.Spider.onDownloadSuccess(Spider.java:414)
	at us.codecraft.webmagic.Spider.processRequest(Spider.java:406)
	at us.codecraft.webmagic.Spider.access$000(Spider.java:61)
	at us.codecraft.webmagic.Spider$1.run(Spider.java:320)
	at us.codecraft.webmagic.thread.CountableThreadPool$1.run(CountableThreadPool.java:74)
	at java.util.concurrent.ThreadPoolExecutor.runWorker(ThreadPoolExecutor.java:1149)
	at java.util.concurrent.ThreadPoolExecutor$Worker.run(ThreadPoolExecutor.java:624)
	at java.lang.Thread.run(Thread.java:748)
2020-04-16 15:18:18 下午 [Thread: main][ Class:us.codecraft.webmagic.Spider >> Method: us.codecraft.webmagic.Spider.run(Spider.java:338) ]
INFO:Spider www.baidu.com closed! 1 pages downloaded.
2020-04-16 15:18:30 下午 [Thread: main][ Class:us.codecraft.webmagic.Spider >> Method: us.codecraft.webmagic.Spider.run(Spider.java:306) ]
INFO:Spider www.baidu.com started!
2020-04-16 15:18:30 下午 [Thread: pool-1-thread-1][ Class:us.codecraft.webmagic.downloader.HttpClientDownloader >> Method: us.codecraft.webmagic.downloader.HttpClientDownloader.download(HttpClientDownloader.java:88) ]
INFO:downloading page success https://www.baidu.com/
2020-04-16 15:18:31 下午 [Thread: pool-1-thread-1][ Class:us.codecraft.webmagic.Spider >> Method: us.codecraft.webmagic.Spider$1.run(Spider.java:324) ]
ERROR:process request Request{url='https://www.baidu.com/', method='null', extras=null, priority=0, headers={}, cookies={}} error
org.jsoup.select.Selector$SelectorParseException: Could not parse query './p': unexpected token at './p'
	at us.codecraft.xsoup.xevaluator.XPathParser.findElements(XPathParser.java:166)
	at us.codecraft.xsoup.xevaluator.XPathParser.parse(XPathParser.java:76)
	at us.codecraft.xsoup.xevaluator.XPathParser.parse(XPathParser.java:408)
	at us.codecraft.xsoup.Xsoup.compile(Xsoup.java:25)
	at us.codecraft.webmagic.selector.XpathSelector.<init>(XpathSelector.java:21)
	at us.codecraft.webmagic.selector.Selectors.xpath(Selectors.java:32)
	at us.codecraft.webmagic.selector.HtmlNode.xpath(HtmlNode.java:42)
	at BaiduProcessor.process(BaiduProcessor.java:40)
	at us.codecraft.webmagic.Spider.onDownloadSuccess(Spider.java:414)
	at us.codecraft.webmagic.Spider.processRequest(Spider.java:406)
	at us.codecraft.webmagic.Spider.access$000(Spider.java:61)
	at us.codecraft.webmagic.Spider$1.run(Spider.java:320)
	at us.codecraft.webmagic.thread.CountableThreadPool$1.run(CountableThreadPool.java:74)
	at java.util.concurrent.ThreadPoolExecutor.runWorker(ThreadPoolExecutor.java:1149)
	at java.util.concurrent.ThreadPoolExecutor$Worker.run(ThreadPoolExecutor.java:624)
	at java.lang.Thread.run(Thread.java:748)
2020-04-16 15:18:31 下午 [Thread: main][ Class:us.codecraft.webmagic.Spider >> Method: us.codecraft.webmagic.Spider.run(Spider.java:338) ]
INFO:Spider www.baidu.com closed! 1 pages downloaded.
2020-04-16 15:18:43 下午 [Thread: main][ Class:us.codecraft.webmagic.Spider >> Method: us.codecraft.webmagic.Spider.run(Spider.java:306) ]
INFO:Spider www.baidu.com started!
2020-04-16 15:18:44 下午 [Thread: pool-1-thread-1][ Class:us.codecraft.webmagic.downloader.HttpClientDownloader >> Method: us.codecraft.webmagic.downloader.HttpClientDownloader.download(HttpClientDownloader.java:88) ]
INFO:downloading page success https://www.baidu.com/
2020-04-16 15:18:44 下午 [Thread: pool-1-thread-1][ Class:us.codecraft.webmagic.Spider >> Method: us.codecraft.webmagic.Spider$1.run(Spider.java:324) ]
ERROR:process request Request{url='https://www.baidu.com/', method='null', extras=null, priority=0, headers={}, cookies={}} error
org.jsoup.select.Selector$SelectorParseException: Could not parse query './p': unexpected token at './p'
	at us.codecraft.xsoup.xevaluator.XPathParser.findElements(XPathParser.java:166)
	at us.codecraft.xsoup.xevaluator.XPathParser.parse(XPathParser.java:76)
	at us.codecraft.xsoup.xevaluator.XPathParser.parse(XPathParser.java:408)
	at us.codecraft.xsoup.Xsoup.compile(Xsoup.java:25)
	at us.codecraft.webmagic.selector.XpathSelector.<init>(XpathSelector.java:21)
	at us.codecraft.webmagic.selector.Selectors.xpath(Selectors.java:32)
	at us.codecraft.webmagic.selector.HtmlNode.xpath(HtmlNode.java:42)
	at BaiduProcessor.process(BaiduProcessor.java:40)
	at us.codecraft.webmagic.Spider.onDownloadSuccess(Spider.java:414)
	at us.codecraft.webmagic.Spider.processRequest(Spider.java:406)
	at us.codecraft.webmagic.Spider.access$000(Spider.java:61)
	at us.codecraft.webmagic.Spider$1.run(Spider.java:320)
	at us.codecraft.webmagic.thread.CountableThreadPool$1.run(CountableThreadPool.java:74)
	at java.util.concurrent.ThreadPoolExecutor.runWorker(ThreadPoolExecutor.java:1149)
	at java.util.concurrent.ThreadPoolExecutor$Worker.run(ThreadPoolExecutor.java:624)
	at java.lang.Thread.run(Thread.java:748)
2020-04-16 15:18:44 下午 [Thread: main][ Class:us.codecraft.webmagic.Spider >> Method: us.codecraft.webmagic.Spider.run(Spider.java:338) ]
INFO:Spider www.baidu.com closed! 1 pages downloaded.
2020-04-16 15:20:42 下午 [Thread: main][ Class:us.codecraft.webmagic.Spider >> Method: us.codecraft.webmagic.Spider.run(Spider.java:306) ]
INFO:Spider www.baidu.com started!
2020-04-16 15:20:43 下午 [Thread: pool-1-thread-1][ Class:us.codecraft.webmagic.downloader.HttpClientDownloader >> Method: us.codecraft.webmagic.downloader.HttpClientDownloader.download(HttpClientDownloader.java:88) ]
INFO:downloading page success https://www.baidu.com/
2020-04-16 15:20:46 下午 [Thread: main][ Class:us.codecraft.webmagic.Spider >> Method: us.codecraft.webmagic.Spider.run(Spider.java:338) ]
INFO:Spider www.baidu.com closed! 1 pages downloaded.
2020-04-16 15:58:45 下午 [Thread: main][ Class:us.codecraft.webmagic.Spider >> Method: us.codecraft.webmagic.Spider.run(Spider.java:306) ]
INFO:Spider www.baidu.com started!
2020-04-16 15:58:45 下午 [Thread: pool-1-thread-1][ Class:us.codecraft.webmagic.downloader.HttpClientDownloader >> Method: us.codecraft.webmagic.downloader.HttpClientDownloader.download(HttpClientDownloader.java:88) ]
INFO:downloading page success https://www.baidu.com/
2020-04-16 15:58:48 下午 [Thread: main][ Class:us.codecraft.webmagic.Spider >> Method: us.codecraft.webmagic.Spider.run(Spider.java:338) ]
INFO:Spider www.baidu.com closed! 1 pages downloaded.
2020-04-16 16:02:38 下午 [Thread: main][ Class:us.codecraft.webmagic.Spider >> Method: us.codecraft.webmagic.Spider.run(Spider.java:306) ]
INFO:Spider www.baidu.com started!
2020-04-16 16:02:38 下午 [Thread: pool-1-thread-1][ Class:us.codecraft.webmagic.downloader.HttpClientDownloader >> Method: us.codecraft.webmagic.downloader.HttpClientDownloader.download(HttpClientDownloader.java:88) ]
INFO:downloading page success https://www.baidu.com/
2020-04-16 16:02:41 下午 [Thread: main][ Class:us.codecraft.webmagic.Spider >> Method: us.codecraft.webmagic.Spider.run(Spider.java:338) ]
INFO:Spider www.baidu.com closed! 1 pages downloaded.
2020-04-16 16:02:57 下午 [Thread: main][ Class:us.codecraft.webmagic.Spider >> Method: us.codecraft.webmagic.Spider.run(Spider.java:306) ]
INFO:Spider www.baidu.com started!
2020-04-16 16:02:58 下午 [Thread: pool-1-thread-1][ Class:us.codecraft.webmagic.downloader.HttpClientDownloader >> Method: us.codecraft.webmagic.downloader.HttpClientDownloader.download(HttpClientDownloader.java:88) ]
INFO:downloading page success https://www.baidu.com/
2020-04-16 16:03:01 下午 [Thread: main][ Class:us.codecraft.webmagic.Spider >> Method: us.codecraft.webmagic.Spider.run(Spider.java:338) ]
INFO:Spider www.baidu.com closed! 1 pages downloaded.
2020-04-16 16:04:24 下午 [Thread: main][ Class:us.codecraft.webmagic.Spider >> Method: us.codecraft.webmagic.Spider.run(Spider.java:306) ]
INFO:Spider www.baidu.com started!
2020-04-16 16:04:26 下午 [Thread: pool-1-thread-1][ Class:us.codecraft.webmagic.downloader.HttpClientDownloader >> Method: us.codecraft.webmagic.downloader.HttpClientDownloader.download(HttpClientDownloader.java:88) ]
INFO:downloading page success https://www.baidu.com/
2020-04-16 16:04:29 下午 [Thread: main][ Class:us.codecraft.webmagic.Spider >> Method: us.codecraft.webmagic.Spider.run(Spider.java:338) ]
INFO:Spider www.baidu.com closed! 1 pages downloaded.
2020-04-16 21:15:57 下午 [Thread: main][ Class:us.codecraft.webmagic.Spider >> Method: us.codecraft.webmagic.Spider.run(Spider.java:306) ]
INFO:Spider www.baidu.com started!
2020-04-16 21:15:57 下午 [Thread: pool-1-thread-1][ Class:us.codecraft.webmagic.downloader.HttpClientDownloader >> Method: us.codecraft.webmagic.downloader.HttpClientDownloader.download(HttpClientDownloader.java:88) ]
INFO:downloading page success https://www.baidu.com/
2020-04-16 21:16:00 下午 [Thread: main][ Class:us.codecraft.webmagic.Spider >> Method: us.codecraft.webmagic.Spider.run(Spider.java:338) ]
INFO:Spider www.baidu.com closed! 1 pages downloaded.
